
--- Starting session Sun Nov 23 22:58:37 2025 ---

--- Starting session Sun Nov 23 22:59:37 2025 ---
[2025-11-23 22:59:52] [INFO] 🚪 Fechando aplicação...
[2025-11-23 22:59:53] [INFO] 🚪 Fechando aplicação...

--- Starting session Sun Nov 23 23:01:23 2025 ---
[2025-11-23 23:01:42] [INFO] 🚪 Fechando aplicação...
[2025-11-23 23:01:43] [INFO] 🚪 Fechando aplicação...

--- Starting session Sun Nov 23 23:03:18 2025 ---
[2025-11-23 23:04:06] [INFO] 🚪 Fechando aplicação...
[2025-11-23 23:04:06] [INFO] 🚪 Fechando aplicação...

--- Starting session Sun Nov 23 23:12:39 2025 ---
[2025-11-23 23:13:03] [INFO] 🚪 Fechando aplicação...
[2025-11-23 23:13:04] [INFO] 🚪 Fechando aplicação...

--- Starting session Sun Nov 23 23:13:45 2025 ---
[2025-11-23 23:14:34] [INFO] 🚪 Fechando aplicação...
[2025-11-23 23:14:34] [INFO] 🚪 Fechando aplicação...

--- Starting session Sun Nov 23 23:15:34 2025 ---

--- Starting session Sun Nov 23 23:16:40 2025 ---
[2025-11-23 23:17:11] [DEBUG] 📨 Recebido serial: 📨 Comando recebido: CONNECTED
[2025-11-23 23:17:11] [DEBUG] 📨 Recebido serial: 🎉 STATUS: Conectado ao software Python
[2025-11-23 23:17:11] [DEBUG] 📨 Recebido serial: ✅ Conexão estabelecida com software
[2025-11-23 23:17:18] [DEBUG] 📨 Recebido serial: 📨 Comando recebido: DISCONNECT
[2025-11-23 23:17:18] [INFO] 🔌 Porta serial fechada
[2025-11-23 23:17:20] [INFO] 🚪 Fechando aplicação...
[2025-11-23 23:17:20] [INFO] 🚪 Fechando aplicação...

--- Starting session Sun Nov 23 23:18:44 2025 ---
[2025-11-23 23:19:06] [DEBUG] 📨 Recebido serial: 📨 Comando recebido: CONNECTED
[2025-11-23 23:19:06] [DEBUG] 📨 Recebido serial: 🎉 STATUS: Conectado ao software Python
[2025-11-23 23:19:06] [DEBUG] 📨 Recebido serial: ✅ Conexão estabelecida com software
[2025-11-23 23:19:25] [DEBUG] 📨 Recebido serial: 📨 Comando recebido: DISCONNECT
[2025-11-23 23:19:26] [INFO] 🔌 Porta serial fechada
[2025-11-23 23:19:38] [INFO] 🚪 Fechando aplicação...
[2025-11-23 23:19:38] [INFO] 🚪 Fechando aplicação...

--- Starting session Sun Nov 23 23:19:56 2025 ---
[2025-11-23 23:20:35] [INFO] 🚪 Fechando aplicação...
[2025-11-23 23:20:35] [INFO] 🚪 Fechando aplicação...

--- Starting session Sun Nov 23 23:21:17 2025 ---
[2025-11-23 23:24:25] [INFO] 🚪 Fechando aplicação...
[2025-11-23 23:24:25] [INFO] 🚪 Fechando aplicação...

--- Starting session Sun Nov 23 23:24:27 2025 ---
[2025-11-23 23:24:33] [INFO] 🚪 Fechando aplicação...
[2025-11-23 23:24:34] [INFO] 🚪 Fechando aplicação...

--- Starting session Sun Nov 23 23:26:17 2025 ---

--- Starting session Sun Nov 23 23:26:53 2025 ---
[2025-11-23 23:27:05] [INFO] 🚪 Fechando aplicação...
[2025-11-23 23:27:05] [INFO] 🚪 Fechando aplicação...

--- Starting session Sun Nov 23 23:27:31 2025 ---
[2025-11-23 23:27:36] [INFO] 🚪 Fechando aplicação...
[2025-11-23 23:27:37] [INFO] 🚪 Fechando aplicação...

--- Starting session Sun Nov 23 23:28:04 2025 ---
[2025-11-23 23:29:33] [INFO] 🚪 Fechando aplicação...
[2025-11-23 23:29:33] [INFO] 🚪 Fechando aplicação...

--- Starting session Sun Nov 23 23:29:37 2025 ---
[2025-11-23 23:30:22] [INFO] 🚪 Fechando aplicação...
[2025-11-23 23:30:23] [INFO] 🚪 Fechando aplicação...

--- Starting session Sun Nov 23 23:30:26 2025 ---

--- Starting session Sun Nov 23 23:30:38 2025 ---

--- Starting session Sun Nov 23 23:30:56 2025 ---
[2025-11-23 23:31:16] [INFO] 🚪 Fechando aplicação...
[2025-11-23 23:31:16] [INFO] 🚪 Fechando aplicação...

--- Starting session Sun Nov 23 23:33:12 2025 ---
[2025-11-23 23:33:36] [INFO] 🚪 Fechando aplicação...
[2025-11-23 23:33:36] [INFO] 🚪 Fechando aplicação...

--- Starting session Sun Nov 23 23:33:53 2025 ---
[2025-11-23 23:34:01] [INFO] 🚪 Fechando aplicação...
[2025-11-23 23:34:01] [INFO] 🚪 Fechando aplicação...

--- Starting session Sun Nov 23 23:34:50 2025 ---
[2025-11-23 23:34:54] [ERROR] Falha na atualização: Muitas tentativas (429). Aguarde alguns minutos.
[2025-11-23 23:35:28] [DEBUG] 📨 Recebido serial: 📨 Comando recebido: CONNECTED
[2025-11-23 23:35:29] [DEBUG] 📨 Recebido serial: 🎉 STATUS: Conectado ao software Python
[2025-11-23 23:35:29] [DEBUG] 📨 Recebido serial: ✅ Conexão estabelecida com software
[2025-11-23 23:36:03] [DEBUG] Executando ação: open_program
[2025-11-23 23:36:03] [ERROR] Arquivo não encontrado: 
[2025-11-23 23:36:15] [INFO] 🚪 Fechando aplicação...
[2025-11-23 23:36:15] [DEBUG] 📨 Recebido serial: 📨 Comando recebido: DISCONNECT
[2025-11-23 23:36:16] [INFO] 🔌 Porta serial fechada
[2025-11-23 23:36:16] [INFO] 🚪 Fechando aplicação...
