
--- Starting session Mon Nov 24 14:51:04 2025 ---
[2025-11-24 14:53:04] [INFO] 沐 Porta serial fechada
[2025-11-24 14:53:08] [DEBUG] 沒ｨ Recebido serial: 沒ｨ Comando recebido: CONNECTED
[2025-11-24 14:53:08] [DEBUG] 沒ｨ Recebido serial: 沁 STATUS: Conectado ao software Python
[2025-11-24 14:53:08] [DEBUG] 沒ｨ Recebido serial: 笨 Conexﾃ｣o estabelecida com software
[2025-11-24 14:53:13] [DEBUG] 沒ｨ Recebido serial: 沁ｮ BOTﾃグ PRESSIONADO: 1
[2025-11-24 14:53:13] [DEBUG] 沒ｨ Recebido serial: BTN:1
[2025-11-24 14:53:13] [DEBUG] Executando aﾃｧﾃ｣o: open_program
[2025-11-24 14:53:14] [DEBUG] 沒ｨ Recebido serial: 沁ｮ BOTﾃグ PRESSIONADO: 1
[2025-11-24 14:53:14] [DEBUG] 沒ｨ Recebido serial: BTN:1
[2025-11-24 14:53:14] [DEBUG] Executando aﾃｧﾃ｣o: open_program
[2025-11-24 14:53:15] [DEBUG] 沒ｨ Recebido serial: 沁ｮ BOTﾃグ PRESSIONADO: 1
[2025-11-24 14:53:15] [DEBUG] 沒ｨ Recebido serial: BTN:1
[2025-11-24 14:53:15] [DEBUG] Executando aﾃｧﾃ｣o: open_program
[2025-11-24 14:53:16] [DEBUG] 沒ｨ Recebido serial: 沁ｮ BOTﾃグ PRESSIONADO: 1
[2025-11-24 14:53:16] [DEBUG] 沒ｨ Recebido serial: BTN:1
[2025-11-24 14:53:16] [DEBUG] Executando aﾃｧﾃ｣o: open_program
[2025-11-24 14:53:16] [DEBUG] 沒ｨ Recebido serial: 沁ｮ BOTﾃグ PRESSIONADO: 1
[2025-11-24 14:53:16] [DEBUG] 沒ｨ Recebido serial: BTN:1
[2025-11-24 14:53:16] [DEBUG] Executando aﾃｧﾃ｣o: open_program
[2025-11-24 14:53:53] [INFO] 泅ｪ Fechando aplicaﾃｧﾃ｣o...
[2025-11-24 14:53:53] [DEBUG] 沒ｨ Recebido serial: 沒ｨ Comando recebido: DISCONNECT
[2025-11-24 14:53:54] [INFO] 沐 Porta serial fechada
[2025-11-24 14:53:54] [INFO] 泅ｪ Fechando aplicaﾃｧﾃ｣o...

--- Starting session Mon Nov 24 14:54:14 2025 ---
[2025-11-24 14:54:20] [DEBUG] 沒ｨ Recebido serial: 沒ｨ Comando recebido: CONNECTED
[2025-11-24 14:54:20] [DEBUG] 沒ｨ Recebido serial: 沁 STATUS: Conectado ao software Python
[2025-11-24 14:54:21] [DEBUG] 沒ｨ Recebido serial: 笨 Conexﾃ｣o estabelecida com software
[2025-11-24 14:54:40] [INFO] 泅ｪ Fechando aplicaﾃｧﾃ｣o...
[2025-11-24 14:54:40] [DEBUG] 沒ｨ Recebido serial: 沒ｨ Comando recebido: DISCONNECT
[2025-11-24 14:54:41] [INFO] 沐 Porta serial fechada
[2025-11-24 14:54:41] [INFO] 泅ｪ Fechando aplicaﾃｧﾃ｣o...

--- Starting session Mon Nov 24 14:59:36 2025 ---
[2025-11-24 15:01:47] [INFO] 泅ｪ Fechando aplicaﾃｧﾃ｣o...
[2025-11-24 15:01:48] [INFO] 泅ｪ Fechando aplicaﾃｧﾃ｣o...

--- Starting session Mon Nov 24 15:01:56 2025 ---
[2025-11-24 15:02:43] [INFO] 泅ｪ Fechando aplicaﾃｧﾃ｣o...
[2025-11-24 15:02:43] [INFO] 泅ｪ Fechando aplicaﾃｧﾃ｣o...

--- Starting session Mon Nov 24 15:06:34 2025 ---
[2025-11-24 15:08:33] [INFO] 泅ｪ Fechando aplicaﾃｧﾃ｣o...
[2025-11-24 15:08:33] [INFO] 泅ｪ Fechando aplicaﾃｧﾃ｣o...

--- Starting session Mon Nov 24 15:59:19 2025 ---
[2025-11-24 15:59:27] [INFO] 泅ｪ Fechando aplicaﾃｧﾃ｣o...
[2025-11-24 15:59:27] [INFO] 泅ｪ Fechando aplicaﾃｧﾃ｣o...

--- Starting session Mon Nov 24 16:01:54 2025 ---
[2025-11-24 16:04:02] [DEBUG] 沒ｨ Recebido serial: 沒ｨ Comando recebido: CONNECTED
[2025-11-24 16:04:02] [DEBUG] 沒ｨ Recebido serial: 沁 STATUS: Conectado ao software Python
[2025-11-24 16:04:02] [DEBUG] 沒ｨ Recebido serial: 笨 Conexﾃ｣o estabelecida com software
[2025-11-24 16:05:44] [INFO] 沐 Porta serial fechada
[2025-11-24 16:05:46] [DEBUG] 沒ｨ Recebido serial: 沒ｨ Comando recebido: CONNECTED
[2025-11-24 16:05:46] [DEBUG] 沒ｨ Recebido serial: 沁 STATUS: Conectado ao software Python
[2025-11-24 16:05:46] [DEBUG] 沒ｨ Recebido serial: 笨 Conexﾃ｣o estabelecida com software
[2025-11-24 16:39:55] [DEBUG] 沒ｨ Recebido serial: 沁ｮ BOTﾃグ PRESSIONADO: 3
[2025-11-24 16:39:55] [DEBUG] 沒ｨ Recebido serial: BTN:3
[2025-11-24 16:39:55] [DEBUG] Executando aﾃｧﾃ｣o: open_program
[2025-11-24 16:39:59] [DEBUG] 沒ｨ Recebido serial: 沁ｮ BOTﾃグ PRESSIONADO: 3
[2025-11-24 16:39:59] [DEBUG] 沒ｨ Recebido serial: BTN:3
[2025-11-24 16:39:59] [DEBUG] Executando aﾃｧﾃ｣o: open_program
[2025-11-24 16:40:00] [DEBUG] 沒ｨ Recebido serial: 沁ｮ BOTﾃグ PRESSIONADO: 3
[2025-11-24 16:40:00] [DEBUG] 沒ｨ Recebido serial: BTN:3
[2025-11-24 16:40:00] [DEBUG] Executando aﾃｧﾃ｣o: open_program
[2025-11-24 16:40:00] [DEBUG] 沒ｨ Recebido serial: 沁ｮ BOTﾃグ PRESSIONADO: 3
[2025-11-24 16:40:00] [DEBUG] 沒ｨ Recebido serial: BTN:3
[2025-11-24 16:40:00] [DEBUG] Executando aﾃｧﾃ｣o: open_program
[2025-11-24 16:40:01] [DEBUG] 沒ｨ Recebido serial: 沁ｮ BOTﾃグ PRESSIONADO: 3
[2025-11-24 16:40:01] [DEBUG] 沒ｨ Recebido serial: BTN:3
[2025-11-24 16:40:01] [DEBUG] Executando aﾃｧﾃ｣o: open_program
[2025-11-24 16:40:02] [DEBUG] 沒ｨ Recebido serial: 沁ｮ BOTﾃグ PRESSIONADO: 3
[2025-11-24 16:40:02] [DEBUG] 沒ｨ Recebido serial: BTN:3
[2025-11-24 16:40:02] [DEBUG] Executando aﾃｧﾃ｣o: open_program
[2025-11-24 16:40:02] [DEBUG] 沒ｨ Recebido serial: 沁ｮ BOTﾃグ PRESSIONADO: 3
[2025-11-24 16:40:02] [DEBUG] 沒ｨ Recebido serial: BTN:3
[2025-11-24 16:40:02] [DEBUG] Executando aﾃｧﾃ｣o: open_program
[2025-11-24 16:40:03] [DEBUG] 沒ｨ Recebido serial: 沁ｮ BOTﾃグ PRESSIONADO: 3
[2025-11-24 16:40:03] [DEBUG] 沒ｨ Recebido serial: BTN:3
[2025-11-24 16:40:03] [DEBUG] Executando aﾃｧﾃ｣o: open_program
[2025-11-24 16:40:11] [DEBUG] 沒ｨ Recebido serial: 沁ｮ BOTﾃグ PRESSIONADO: 3
[2025-11-24 16:40:11] [DEBUG] 沒ｨ Recebido serial: BTN:3
[2025-11-24 16:40:11] [DEBUG] Executando aﾃｧﾃ｣o: open_program
[2025-11-24 16:40:14] [DEBUG] 沒ｨ Recebido serial: 沁ｮ BOTﾃグ PRESSIONADO: 3
[2025-11-24 16:40:14] [DEBUG] 沒ｨ Recebido serial: BTN:3
[2025-11-24 16:40:14] [DEBUG] Executando aﾃｧﾃ｣o: open_program
[2025-11-24 16:40:15] [DEBUG] 沒ｨ Recebido serial: 沁ｮ BOTﾃグ PRESSIONADO: 3
[2025-11-24 16:40:15] [DEBUG] 沒ｨ Recebido serial: BTN:3
[2025-11-24 16:40:15] [DEBUG] Executando aﾃｧﾃ｣o: open_program
[2025-11-24 16:40:16] [DEBUG] 沒ｨ Recebido serial: 沁ｮ BOTﾃグ PRESSIONADO: 3
[2025-11-24 16:40:16] [DEBUG] 沒ｨ Recebido serial: BTN:3
[2025-11-24 16:40:16] [DEBUG] Executando aﾃｧﾃ｣o: open_program
[2025-11-24 16:41:42] [DEBUG] Executando aﾃｧﾃ｣o: open_program
[2025-11-24 16:41:42] [ERROR] Arquivo nﾃ｣o encontrado: file:Documentos
[2025-11-24 16:41:48] [DEBUG] Executando aﾃｧﾃ｣o: open_program
[2025-11-24 16:41:48] [ERROR] Erro ao listar processos: [WinError 123] A sintaxe do nome do arquivo, do nome do diretﾃｳrio ou do rﾃｳtulo do volume estﾃ｡ incorreta: 'file:///Documentos'
[2025-11-24 16:41:48] [ERROR] Arquivo nﾃ｣o encontrado: file:///Documentos
[2025-11-24 16:41:48] [DEBUG] Executando aﾃｧﾃ｣o: open_program
[2025-11-24 16:41:48] [ERROR] Erro ao listar processos: [WinError 123] A sintaxe do nome do arquivo, do nome do diretﾃｳrio ou do rﾃｳtulo do volume estﾃ｡ incorreta: 'file:///Documentos'
[2025-11-24 16:41:48] [ERROR] Arquivo nﾃ｣o encontrado: file:///Documentos
[2025-11-24 16:42:01] [DEBUG] 沒ｨ Recebido serial: 沁ｮ BOTﾃグ PRESSIONADO: 2
[2025-11-24 16:42:01] [DEBUG] 沒ｨ Recebido serial: BTN:2
[2025-11-24 16:42:01] [DEBUG] Executando aﾃｧﾃ｣o: open_program
[2025-11-24 16:42:02] [DEBUG] 沒ｨ Recebido serial: 沁ｮ BOTﾃグ PRESSIONADO: 2
[2025-11-24 16:42:02] [DEBUG] 沒ｨ Recebido serial: BTN:2
[2025-11-24 16:42:02] [DEBUG] Executando aﾃｧﾃ｣o: open_program
[2025-11-24 16:42:02] [DEBUG] 沒ｨ Recebido serial: 沁ｮ BOTﾃグ PRESSIONADO: 2
[2025-11-24 16:42:02] [DEBUG] 沒ｨ Recebido serial: BTN:2
[2025-11-24 16:42:02] [DEBUG] Executando aﾃｧﾃ｣o: open_program
[2025-11-24 16:42:12] [DEBUG] 沒ｨ Recebido serial: 沁ｮ BOTﾃグ PRESSIONADO: 2
[2025-11-24 16:42:12] [DEBUG] 沒ｨ Recebido serial: BTN:2
[2025-11-24 16:42:12] [DEBUG] Executando aﾃｧﾃ｣o: open_program
[2025-11-24 16:42:14] [DEBUG] 沒ｨ Recebido serial: 沁ｮ BOTﾃグ PRESSIONADO: 2
[2025-11-24 16:42:14] [DEBUG] 沒ｨ Recebido serial: BTN:2
[2025-11-24 16:42:14] [DEBUG] Executando aﾃｧﾃ｣o: open_program
[2025-11-24 16:42:23] [DEBUG] 沒ｨ Recebido serial: 沁ｮ BOTﾃグ PRESSIONADO: 2
[2025-11-24 16:42:23] [DEBUG] 沒ｨ Recebido serial: BTN:2
[2025-11-24 16:42:23] [DEBUG] Executando aﾃｧﾃ｣o: open_program
[2025-11-24 16:42:54] [DEBUG] 沒ｨ Recebido serial: 沁ｮ BOTﾃグ PRESSIONADO: 2
[2025-11-24 16:42:54] [DEBUG] 沒ｨ Recebido serial: BTN:2
[2025-11-24 16:42:54] [DEBUG] Executando aﾃｧﾃ｣o: open_program
[2025-11-24 16:43:03] [DEBUG] 沒ｨ Recebido serial: 沁ｮ BOTﾃグ PRESSIONADO: 1
[2025-11-24 16:43:03] [DEBUG] 沒ｨ Recebido serial: BTN:1
[2025-11-24 16:43:03] [DEBUG] Executando aﾃｧﾃ｣o: open_program
[2025-11-24 16:43:03] [DEBUG] 沒ｨ Recebido serial: 沁ｮ BOTﾃグ PRESSIONADO: 1
[2025-11-24 16:43:03] [DEBUG] 沒ｨ Recebido serial: BTN:1
[2025-11-24 16:43:03] [DEBUG] Executando aﾃｧﾃ｣o: open_program
[2025-11-24 16:43:04] [DEBUG] 沒ｨ Recebido serial: 沁ｮ BOTﾃグ PRESSIONADO: 1
[2025-11-24 16:43:04] [DEBUG] 沒ｨ Recebido serial: BTN:1
[2025-11-24 16:43:04] [DEBUG] Executando aﾃｧﾃ｣o: open_program
[2025-11-24 16:43:05] [DEBUG] 沒ｨ Recebido serial: 沁ｮ BOTﾃグ PRESSIONADO: 1
[2025-11-24 16:43:05] [DEBUG] 沒ｨ Recebido serial: BTN:1
[2025-11-24 16:43:05] [DEBUG] Executando aﾃｧﾃ｣o: open_program
[2025-11-24 16:43:06] [DEBUG] 沒ｨ Recebido serial: 沁ｮ BOTﾃグ PRESSIONADO: 1
[2025-11-24 16:43:06] [DEBUG] 沒ｨ Recebido serial: BTN:1
[2025-11-24 16:43:06] [DEBUG] Executando aﾃｧﾃ｣o: open_program
[2025-11-24 16:43:07] [DEBUG] 沒ｨ Recebido serial: 沁ｮ BOTﾃグ PRESSIONADO: 1
[2025-11-24 16:43:07] [DEBUG] 沒ｨ Recebido serial: BTN:1
[2025-11-24 16:43:07] [DEBUG] Executando aﾃｧﾃ｣o: open_program
[2025-11-24 16:43:07] [DEBUG] 沒ｨ Recebido serial: 沁ｮ BOTﾃグ PRESSIONADO: 1
[2025-11-24 16:43:07] [DEBUG] 沒ｨ Recebido serial: BTN:1
[2025-11-24 16:43:07] [DEBUG] Executando aﾃｧﾃ｣o: open_program
[2025-11-24 16:43:08] [DEBUG] 沒ｨ Recebido serial: 沁ｮ BOTﾃグ PRESSIONADO: 2
[2025-11-24 16:43:08] [DEBUG] 沒ｨ Recebido serial: BTN:2
[2025-11-24 16:43:08] [DEBUG] Executando aﾃｧﾃ｣o: open_program
[2025-11-24 16:43:50] [DEBUG] 沒ｨ Recebido serial: 沁ｮ BOTﾃグ PRESSIONADO: 4
[2025-11-24 16:43:50] [DEBUG] 沒ｨ Recebido serial: BTN:4
[2025-11-24 16:43:50] [DEBUG] Executando aﾃｧﾃ｣o: open_program
[2025-11-24 16:43:59] [DEBUG] 沒ｨ Recebido serial: 沁ｮ BOTﾃグ PRESSIONADO: 4
[2025-11-24 16:43:59] [DEBUG] 沒ｨ Recebido serial: BTN:4
[2025-11-24 16:43:59] [DEBUG] Executando aﾃｧﾃ｣o: open_program
[2025-11-24 16:44:01] [DEBUG] 沒ｨ Recebido serial: 沁ｮ BOTﾃグ PRESSIONADO: 4
[2025-11-24 16:44:01] [DEBUG] 沒ｨ Recebido serial: BTN:4
[2025-11-24 16:44:01] [DEBUG] Executando aﾃｧﾃ｣o: open_program
[2025-11-24 16:44:15] [DEBUG] 沒ｨ Recebido serial: 沁ｮ BOTﾃグ PRESSIONADO: 6
[2025-11-24 16:44:15] [DEBUG] 沒ｨ Recebido serial: BTN:6
[2025-11-24 16:44:15] [DEBUG] Executando aﾃｧﾃ｣o: open_program
[2025-11-24 16:44:17] [DEBUG] 沒ｨ Recebido serial: 沁ｮ BOTﾃグ PRESSIONADO: 7
[2025-11-24 16:44:17] [DEBUG] 沒ｨ Recebido serial: BTN:7
[2025-11-24 16:44:17] [DEBUG] Executando aﾃｧﾃ｣o: open_program
[2025-11-24 16:44:22] [DEBUG] 沒ｨ Recebido serial: 沁ｮ BOTﾃグ PRESSIONADO: 8
[2025-11-24 16:44:22] [DEBUG] 沒ｨ Recebido serial: BTN:8
[2025-11-24 16:44:22] [DEBUG] Executando aﾃｧﾃ｣o: open_program
[2025-11-24 16:44:30] [DEBUG] 沒ｨ Recebido serial: 沁ｮ BOTﾃグ PRESSIONADO: 1
[2025-11-24 16:44:30] [DEBUG] 沒ｨ Recebido serial: BTN:1
[2025-11-24 16:44:30] [DEBUG] Executando aﾃｧﾃ｣o: open_program
[2025-11-24 16:44:45] [DEBUG] 沒ｨ Recebido serial: 沁ｮ BOTﾃグ PRESSIONADO: 6
[2025-11-24 16:44:45] [DEBUG] 沒ｨ Recebido serial: BTN:6
[2025-11-24 16:44:45] [DEBUG] Executando aﾃｧﾃ｣o: open_program
[2025-11-24 16:44:46] [DEBUG] 沒ｨ Recebido serial: 沁ｮ BOTﾃグ PRESSIONADO: 7
[2025-11-24 16:44:46] [DEBUG] 沒ｨ Recebido serial: BTN:7
[2025-11-24 16:44:46] [DEBUG] Executando aﾃｧﾃ｣o: open_program
[2025-11-24 16:44:53] [DEBUG] 沒ｨ Recebido serial: 沁ｮ BOTﾃグ PRESSIONADO: 7
[2025-11-24 16:44:53] [DEBUG] 沒ｨ Recebido serial: BTN:7
[2025-11-24 16:44:53] [DEBUG] Executando aﾃｧﾃ｣o: open_program
[2025-11-24 16:46:38] [DEBUG] 沒ｨ Recebido serial: 沁ｮ BOTﾃグ PRESSIONADO: 4
[2025-11-24 16:46:38] [DEBUG] 沒ｨ Recebido serial: BTN:4
[2025-11-24 16:46:38] [DEBUG] Executando aﾃｧﾃ｣o: open_program
[2025-11-24 16:46:45] [DEBUG] 沒ｨ Recebido serial: 沁ｮ BOTﾃグ PRESSIONADO: 1
[2025-11-24 16:46:45] [DEBUG] 沒ｨ Recebido serial: BTN:1
[2025-11-24 16:46:45] [DEBUG] Executando aﾃｧﾃ｣o: open_program
[2025-11-24 16:46:46] [DEBUG] 沒ｨ Recebido serial: 沁ｮ BOTﾃグ PRESSIONADO: 2
[2025-11-24 16:46:46] [DEBUG] 沒ｨ Recebido serial: BTN:2
[2025-11-24 16:46:46] [DEBUG] Executando aﾃｧﾃ｣o: open_program
[2025-11-24 16:46:46] [ERROR] Erro ao executar aﾃｧﾃ｣o: [WinError 5] Acesso negado: 'C:/Riot Games/VALORANT/live/VALORANT.exe'
Traceback (most recent call last):
  File "Stream-Deck-Esp32.py", line 507, in perform
  File "Stream-Deck-Esp32.py", line 450, in toggle_application
  File "Stream-Deck-Esp32.py", line 484, in _start_new
PermissionError: [WinError 5] Acesso negado: 'C:/Riot Games/VALORANT/live/VALORANT.exe'

[2025-11-24 16:47:01] [DEBUG] 沒ｨ Recebido serial: 沁ｮ BOTﾃグ PRESSIONADO: 1
[2025-11-24 16:47:01] [DEBUG] 沒ｨ Recebido serial: BTN:1
[2025-11-24 16:47:01] [DEBUG] Executando aﾃｧﾃ｣o: open_program
[2025-11-24 16:47:29] [DEBUG] 沒ｨ Recebido serial: 沁ｮ BOTﾃグ PRESSIONADO: 1
[2025-11-24 16:47:29] [DEBUG] 沒ｨ Recebido serial: BTN:1
[2025-11-24 16:47:29] [DEBUG] Executando aﾃｧﾃ｣o: open_program
[2025-11-24 16:47:30] [DEBUG] 沒ｨ Recebido serial: 沁ｮ BOTﾃグ PRESSIONADO: 1
[2025-11-24 16:47:30] [DEBUG] 沒ｨ Recebido serial: BTN:1
[2025-11-24 16:47:30] [DEBUG] Executando aﾃｧﾃ｣o: open_program
[2025-11-24 16:47:46] [DEBUG] 沒ｨ Recebido serial: 沁ｮ BOTﾃグ PRESSIONADO: 4
[2025-11-24 16:47:46] [DEBUG] 沒ｨ Recebido serial: BTN:4
[2025-11-24 16:47:46] [DEBUG] Executando aﾃｧﾃ｣o: none
[2025-11-24 16:47:48] [DEBUG] 沒ｨ Recebido serial: 沁ｮ BOTﾃグ PRESSIONADO: 4
[2025-11-24 16:47:48] [DEBUG] 沒ｨ Recebido serial: BTN:4
[2025-11-24 16:47:48] [DEBUG] Executando aﾃｧﾃ｣o: none
[2025-11-24 16:47:48] [DEBUG] 沒ｨ Recebido serial: 沁ｮ BOTﾃグ PRESSIONADO: 4
[2025-11-24 16:47:48] [DEBUG] 沒ｨ Recebido serial: BTN:4
[2025-11-24 16:47:48] [DEBUG] Executando aﾃｧﾃ｣o: none
[2025-11-24 16:48:04] [DEBUG] 沒ｨ Recebido serial: 沁ｮ BOTﾃグ PRESSIONADO: 4
[2025-11-24 16:48:04] [DEBUG] 沒ｨ Recebido serial: BTN:4
[2025-11-24 16:48:04] [DEBUG] Executando aﾃｧﾃ｣o: open_program
[2025-11-24 16:48:09] [DEBUG] 沒ｨ Recebido serial: 沁ｮ BOTﾃグ PRESSIONADO: 4
[2025-11-24 16:48:09] [DEBUG] 沒ｨ Recebido serial: BTN:4
[2025-11-24 16:48:09] [DEBUG] Executando aﾃｧﾃ｣o: open_program
[2025-11-24 16:48:30] [DEBUG] 沒ｨ Recebido serial: 沁ｮ BOTﾃグ PRESSIONADO: 4
[2025-11-24 16:48:30] [DEBUG] 沒ｨ Recebido serial: BTN:4
[2025-11-24 16:48:30] [DEBUG] Executando aﾃｧﾃ｣o: open_program
[2025-11-24 16:48:35] [DEBUG] 沒ｨ Recebido serial: 沁ｮ BOTﾃグ PRESSIONADO: 1
[2025-11-24 16:48:35] [DEBUG] 沒ｨ Recebido serial: BTN:1
[2025-11-24 16:48:35] [DEBUG] Executando aﾃｧﾃ｣o: open_program
[2025-11-24 16:48:36] [DEBUG] 沒ｨ Recebido serial: 沁ｮ BOTﾃグ PRESSIONADO: 2
[2025-11-24 16:48:36] [DEBUG] 沒ｨ Recebido serial: BTN:2
[2025-11-24 16:48:36] [DEBUG] Executando aﾃｧﾃ｣o: open_program
[2025-11-24 16:48:36] [ERROR] Erro ao executar aﾃｧﾃ｣o: [WinError 5] Acesso negado: 'C:/Riot Games/VALORANT/live/VALORANT.exe'
Traceback (most recent call last):
  File "Stream-Deck-Esp32.py", line 507, in perform
  File "Stream-Deck-Esp32.py", line 450, in toggle_application
  File "Stream-Deck-Esp32.py", line 484, in _start_new
PermissionError: [WinError 5] Acesso negado: 'C:/Riot Games/VALORANT/live/VALORANT.exe'

[2025-11-24 16:48:37] [DEBUG] 沒ｨ Recebido serial: 沁ｮ BOTﾃグ PRESSIONADO: 3
[2025-11-24 16:48:37] [DEBUG] 沒ｨ Recebido serial: BTN:3
[2025-11-24 16:48:37] [DEBUG] Executando aﾃｧﾃ｣o: open_program
[2025-11-24 16:48:39] [DEBUG] 沒ｨ Recebido serial: 沁ｮ BOTﾃグ PRESSIONADO: 5
[2025-11-24 16:48:39] [DEBUG] 沒ｨ Recebido serial: BTN:5
[2025-11-24 16:48:39] [DEBUG] Executando aﾃｧﾃ｣o: none
[2025-11-24 16:48:39] [DEBUG] 沒ｨ Recebido serial: 沁ｮ BOTﾃグ PRESSIONADO: 6
[2025-11-24 16:48:39] [DEBUG] 沒ｨ Recebido serial: BTN:6
[2025-11-24 16:48:39] [DEBUG] Executando aﾃｧﾃ｣o: open_program
[2025-11-24 16:48:40] [DEBUG] 沒ｨ Recebido serial: 沁ｮ BOTﾃグ PRESSIONADO: 6
[2025-11-24 16:48:40] [DEBUG] 沒ｨ Recebido serial: BTN:6
[2025-11-24 16:48:40] [DEBUG] Executando aﾃｧﾃ｣o: open_program
[2025-11-24 16:48:41] [DEBUG] 沒ｨ Recebido serial: 沁ｮ BOTﾃグ PRESSIONADO: 7
[2025-11-24 16:48:41] [DEBUG] 沒ｨ Recebido serial: BTN:7
[2025-11-24 16:48:41] [DEBUG] Executando aﾃｧﾃ｣o: none
[2025-11-24 16:48:41] [DEBUG] 沒ｨ Recebido serial: 沁ｮ BOTﾃグ PRESSIONADO: 8
[2025-11-24 16:48:41] [DEBUG] 沒ｨ Recebido serial: BTN:8
[2025-11-24 16:48:42] [DEBUG] Executando aﾃｧﾃ｣o: open_program
[2025-11-24 16:48:48] [DEBUG] 沒ｨ Recebido serial: 沁ｮ BOTﾃグ PRESSIONADO: 8
[2025-11-24 16:48:48] [DEBUG] 沒ｨ Recebido serial: BTN:8
[2025-11-24 16:48:48] [DEBUG] Executando aﾃｧﾃ｣o: open_program
[2025-11-24 16:50:34] [DEBUG] 沒ｨ Recebido serial: 沁ｮ BOTﾃグ PRESSIONADO: 8
[2025-11-24 16:50:34] [DEBUG] 沒ｨ Recebido serial: BTN:8
[2025-11-24 16:50:34] [DEBUG] Executando aﾃｧﾃ｣o: open_program
[2025-11-24 16:50:36] [DEBUG] 沒ｨ Recebido serial: 沁ｮ BOTﾃグ PRESSIONADO: 8
[2025-11-24 16:50:36] [DEBUG] 沒ｨ Recebido serial: BTN:8
[2025-11-24 16:50:36] [DEBUG] Executando aﾃｧﾃ｣o: open_program
[2025-11-24 16:50:38] [DEBUG] 沒ｨ Recebido serial: 沁ｮ BOTﾃグ PRESSIONADO: 8
[2025-11-24 16:50:38] [DEBUG] 沒ｨ Recebido serial: BTN:8
[2025-11-24 16:50:38] [DEBUG] Executando aﾃｧﾃ｣o: open_program
[2025-11-24 16:50:38] [DEBUG] 沒ｨ Recebido serial: 沁ｮ BOTﾃグ PRESSIONADO: 8
[2025-11-24 16:50:38] [DEBUG] 沒ｨ Recebido serial: BTN:8
[2025-11-24 16:50:38] [DEBUG] Executando aﾃｧﾃ｣o: open_program
[2025-11-24 16:50:39] [DEBUG] 沒ｨ Recebido serial: 沁ｮ BOTﾃグ PRESSIONADO: 8
[2025-11-24 16:50:39] [DEBUG] 沒ｨ Recebido serial: BTN:8
[2025-11-24 16:50:39] [DEBUG] Executando aﾃｧﾃ｣o: open_program
[2025-11-24 16:50:40] [DEBUG] 沒ｨ Recebido serial: 沁ｮ BOTﾃグ PRESSIONADO: 8
[2025-11-24 16:50:40] [DEBUG] 沒ｨ Recebido serial: BTN:8
[2025-11-24 16:50:40] [DEBUG] Executando aﾃｧﾃ｣o: open_program
[2025-11-24 16:50:41] [DEBUG] 沒ｨ Recebido serial: 沁ｮ BOTﾃグ PRESSIONADO: 8
[2025-11-24 16:50:41] [DEBUG] 沒ｨ Recebido serial: BTN:8
[2025-11-24 16:50:41] [DEBUG] Executando aﾃｧﾃ｣o: open_program
[2025-11-24 16:50:41] [DEBUG] 沒ｨ Recebido serial: 沁ｮ BOTﾃグ PRESSIONADO: 8
[2025-11-24 16:50:41] [DEBUG] 沒ｨ Recebido serial: BTN:8
[2025-11-24 16:50:41] [DEBUG] Executando aﾃｧﾃ｣o: open_program
[2025-11-24 16:50:50] [DEBUG] 沒ｨ Recebido serial: 沁ｮ BOTﾃグ PRESSIONADO: 1
[2025-11-24 16:50:50] [DEBUG] 沒ｨ Recebido serial: BTN:1
[2025-11-24 16:50:50] [DEBUG] Executando aﾃｧﾃ｣o: open_program
[2025-11-24 16:50:51] [DEBUG] 沒ｨ Recebido serial: 沁ｮ BOTﾃグ PRESSIONADO: 1
[2025-11-24 16:50:51] [DEBUG] 沒ｨ Recebido serial: BTN:1
[2025-11-24 16:50:51] [DEBUG] Executando aﾃｧﾃ｣o: open_program
[2025-11-24 16:50:52] [DEBUG] 沒ｨ Recebido serial: 沁ｮ BOTﾃグ PRESSIONADO: 1
[2025-11-24 16:50:52] [DEBUG] 沒ｨ Recebido serial: BTN:1
[2025-11-24 16:50:52] [DEBUG] Executando aﾃｧﾃ｣o: open_program
[2025-11-24 16:50:54] [DEBUG] 沒ｨ Recebido serial: 沁ｮ BOTﾃグ PRESSIONADO: 8
[2025-11-24 16:50:54] [DEBUG] 沒ｨ Recebido serial: BTN:8
[2025-11-24 16:50:54] [DEBUG] Executando aﾃｧﾃ｣o: open_program
[2025-11-24 16:51:47] [DEBUG] 沒ｨ Recebido serial: 沁ｮ BOTﾃグ PRESSIONADO: 2
[2025-11-24 16:51:47] [DEBUG] 沒ｨ Recebido serial: BTN:2
[2025-11-24 16:51:47] [DEBUG] Executando aﾃｧﾃ｣o: open_program
[2025-11-24 16:51:48] [DEBUG] 沒ｨ Recebido serial: 沁ｮ BOTﾃグ PRESSIONADO: 2
[2025-11-24 16:51:48] [DEBUG] 沒ｨ Recebido serial: BTN:2
[2025-11-24 16:51:48] [DEBUG] Executando aﾃｧﾃ｣o: open_program
[2025-11-24 16:51:48] [DEBUG] 沒ｨ Recebido serial: 沁ｮ BOTﾃグ PRESSIONADO: 2
[2025-11-24 16:51:48] [DEBUG] 沒ｨ Recebido serial: BTN:2
[2025-11-24 16:51:48] [DEBUG] Executando aﾃｧﾃ｣o: open_program
[2025-11-24 16:51:50] [DEBUG] 沒ｨ Recebido serial: 沁ｮ BOTﾃグ PRESSIONADO: 1
[2025-11-24 16:51:50] [DEBUG] 沒ｨ Recebido serial: BTN:1
[2025-11-24 16:51:50] [DEBUG] Executando aﾃｧﾃ｣o: open_program
[2025-11-24 16:51:50] [DEBUG] 沒ｨ Recebido serial: 沁ｮ BOTﾃグ PRESSIONADO: 2
[2025-11-24 16:51:50] [DEBUG] 沒ｨ Recebido serial: BTN:2
[2025-11-24 16:51:50] [DEBUG] Executando aﾃｧﾃ｣o: open_program
[2025-11-24 16:51:51] [DEBUG] 沒ｨ Recebido serial: 沁ｮ BOTﾃグ PRESSIONADO: 1
[2025-11-24 16:51:51] [DEBUG] 沒ｨ Recebido serial: BTN:1
[2025-11-24 16:51:51] [DEBUG] Executando aﾃｧﾃ｣o: open_program
[2025-11-24 16:51:51] [DEBUG] 沒ｨ Recebido serial: 沁ｮ BOTﾃグ PRESSIONADO: 1
[2025-11-24 16:51:52] [DEBUG] 沒ｨ Recebido serial: BTN:1
[2025-11-24 16:51:52] [DEBUG] Executando aﾃｧﾃ｣o: open_program
[2025-11-24 16:51:52] [DEBUG] 沒ｨ Recebido serial: 沁ｮ BOTﾃグ PRESSIONADO: 1
[2025-11-24 16:51:52] [DEBUG] 沒ｨ Recebido serial: BTN:1
[2025-11-24 16:51:52] [DEBUG] Executando aﾃｧﾃ｣o: open_program
[2025-11-24 16:51:53] [DEBUG] 沒ｨ Recebido serial: 沁ｮ BOTﾃグ PRESSIONADO: 2
[2025-11-24 16:51:53] [DEBUG] 沒ｨ Recebido serial: BTN:2
[2025-11-24 16:51:53] [DEBUG] Executando aﾃｧﾃ｣o: open_program
[2025-11-24 16:51:58] [DEBUG] 沒ｨ Recebido serial: 沁ｮ BOTﾃグ PRESSIONADO: 8
[2025-11-24 16:51:58] [DEBUG] 沒ｨ Recebido serial: BTN:8
[2025-11-24 16:51:58] [DEBUG] Executando aﾃｧﾃ｣o: open_program
[2025-11-24 16:51:59] [DEBUG] 沒ｨ Recebido serial: 沁ｮ BOTﾃグ PRESSIONADO: 1
[2025-11-24 16:51:59] [DEBUG] 沒ｨ Recebido serial: BTN:1
[2025-11-24 16:51:59] [DEBUG] Executando aﾃｧﾃ｣o: open_program
[2025-11-24 16:52:00] [DEBUG] 沒ｨ Recebido serial: 沁ｮ BOTﾃグ PRESSIONADO: 1
[2025-11-24 16:52:00] [DEBUG] 沒ｨ Recebido serial: BTN:1
[2025-11-24 16:52:00] [DEBUG] Executando aﾃｧﾃ｣o: open_program
[2025-11-24 16:52:01] [DEBUG] 沒ｨ Recebido serial: 沁ｮ BOTﾃグ PRESSIONADO: 1
[2025-11-24 16:52:01] [DEBUG] 沒ｨ Recebido serial: BTN:1
[2025-11-24 16:52:01] [DEBUG] Executando aﾃｧﾃ｣o: open_program
[2025-11-24 16:52:01] [DEBUG] 沒ｨ Recebido serial: 沁ｮ BOTﾃグ PRESSIONADO: 2
[2025-11-24 16:52:01] [DEBUG] 沒ｨ Recebido serial: BTN:2
[2025-11-24 16:52:01] [DEBUG] Executando aﾃｧﾃ｣o: open_program
[2025-11-24 16:52:03] [DEBUG] 沒ｨ Recebido serial: 沁ｮ BOTﾃグ PRESSIONADO: 8
[2025-11-24 16:52:03] [DEBUG] 沒ｨ Recebido serial: BTN:8
[2025-11-24 16:52:03] [DEBUG] Executando aﾃｧﾃ｣o: open_program
[2025-11-24 16:52:04] [DEBUG] 沒ｨ Recebido serial: 沁ｮ BOTﾃグ PRESSIONADO: 1
[2025-11-24 16:52:04] [DEBUG] 沒ｨ Recebido serial: BTN:1
[2025-11-24 16:52:04] [DEBUG] Executando aﾃｧﾃ｣o: open_program
[2025-11-24 16:52:04] [DEBUG] 沒ｨ Recebido serial: 沁ｮ BOTﾃグ PRESSIONADO: 2
[2025-11-24 16:52:05] [DEBUG] 沒ｨ Recebido serial: BTN:2
[2025-11-24 16:52:05] [DEBUG] Executando aﾃｧﾃ｣o: open_program
[2025-11-24 16:52:32] [DEBUG] 沒ｨ Recebido serial: 沁ｮ BOTﾃグ PRESSIONADO: 2
[2025-11-24 16:52:32] [DEBUG] 沒ｨ Recebido serial: BTN:2
[2025-11-24 16:52:33] [DEBUG] Executando aﾃｧﾃ｣o: open_program
[2025-11-24 16:53:14] [DEBUG] 沒ｨ Recebido serial: 沁ｮ BOTﾃグ PRESSIONADO: 3
[2025-11-24 16:53:14] [DEBUG] 沒ｨ Recebido serial: BTN:3
[2025-11-24 16:53:14] [DEBUG] Executando aﾃｧﾃ｣o: open_program
[2025-11-24 16:53:19] [DEBUG] 沒ｨ Recebido serial: 沁ｮ BOTﾃグ PRESSIONADO: 3
[2025-11-24 16:53:19] [DEBUG] 沒ｨ Recebido serial: BTN:3
[2025-11-24 16:53:19] [DEBUG] Executando aﾃｧﾃ｣o: open_program
[2025-11-24 16:53:22] [DEBUG] 沒ｨ Recebido serial: 沁ｮ BOTﾃグ PRESSIONADO: 3
[2025-11-24 16:53:22] [DEBUG] 沒ｨ Recebido serial: BTN:3
[2025-11-24 16:53:22] [DEBUG] Executando aﾃｧﾃ｣o: open_program
[2025-11-24 16:54:02] [DEBUG] Executando aﾃｧﾃ｣o: open_program
[2025-11-24 16:54:02] [ERROR] Erro ao listar processos: [WinError 123] A sintaxe do nome do arquivo, do nome do diretﾃｳrio ou do rﾃｳtulo do volume estﾃ｡ incorreta: '"C:\\Program Files (x86)\\Overwolf\\OverwolfLauncher.exe" -launchapp ipmlnnogholfmdmenfijjifldcpjoecappfccceh'
[2025-11-24 16:54:02] [ERROR] Arquivo nﾃ｣o encontrado: "C:\Program Files (x86)\Overwolf\OverwolfLauncher.exe" -launchapp ipmlnnogholfmdmenfijjifldcpjoecappfccceh
[2025-11-24 16:54:10] [DEBUG] Executando aﾃｧﾃ｣o: open_program
[2025-11-24 16:54:10] [ERROR] Arquivo nﾃ｣o encontrado: C:\Program Files (x86)\Overwolf\OverwolfLauncher.exe -launchapp ipmlnnogholfmdmenfijjifldcpjoecappfccceh
[2025-11-24 16:54:49] [DEBUG] 沒ｨ Recebido serial: 沁ｮ BOTﾃグ PRESSIONADO: 4
[2025-11-24 16:54:49] [DEBUG] 沒ｨ Recebido serial: BTN:4
[2025-11-24 16:54:49] [DEBUG] Executando aﾃｧﾃ｣o: open_program

--- Starting session Mon Nov 24 16:54:55 2025 ---
[2025-11-24 16:55:03] [INFO] 泅ｪ Fechando aplicaﾃｧﾃ｣o...
[2025-11-24 16:55:03] [INFO] 泅ｪ Fechando aplicaﾃｧﾃ｣o...
[2025-11-24 16:55:11] [DEBUG] 沒ｨ Recebido serial: 沁ｮ BOTﾃグ PRESSIONADO: 1
[2025-11-24 16:55:11] [DEBUG] 沒ｨ Recebido serial: BTN:1
[2025-11-24 16:55:11] [DEBUG] Executando aﾃｧﾃ｣o: open_program
[2025-11-24 16:55:11] [DEBUG] 沒ｨ Recebido serial: 沁ｮ BOTﾃグ PRESSIONADO: 1
[2025-11-24 16:55:11] [DEBUG] 沒ｨ Recebido serial: BTN:1
[2025-11-24 16:55:11] [DEBUG] Executando aﾃｧﾃ｣o: open_program
[2025-11-24 16:55:12] [DEBUG] 沒ｨ Recebido serial: 沁ｮ BOTﾃグ PRESSIONADO: 2
[2025-11-24 16:55:12] [DEBUG] 沒ｨ Recebido serial: BTN:2
[2025-11-24 16:55:12] [DEBUG] Executando aﾃｧﾃ｣o: open_program
[2025-11-24 16:55:12] [DEBUG] 沒ｨ Recebido serial: 沁ｮ BOTﾃグ PRESSIONADO: 2
[2025-11-24 16:55:12] [DEBUG] 沒ｨ Recebido serial: BTN:2
[2025-11-24 16:55:12] [DEBUG] Executando aﾃｧﾃ｣o: open_program
[2025-11-24 16:55:13] [DEBUG] 沒ｨ Recebido serial: 沁ｮ BOTﾃグ PRESSIONADO: 2
[2025-11-24 16:55:13] [DEBUG] 沒ｨ Recebido serial: BTN:2
[2025-11-24 16:55:13] [DEBUG] Executando aﾃｧﾃ｣o: open_program
[2025-11-24 16:55:14] [DEBUG] 沒ｨ Recebido serial: 沁ｮ BOTﾃグ PRESSIONADO: 1
[2025-11-24 16:55:14] [DEBUG] 沒ｨ Recebido serial: BTN:1
[2025-11-24 16:55:14] [DEBUG] Executando aﾃｧﾃ｣o: open_program
[2025-11-24 16:55:15] [DEBUG] 沒ｨ Recebido serial: 沁ｮ BOTﾃグ PRESSIONADO: 8
[2025-11-24 16:55:15] [DEBUG] 沒ｨ Recebido serial: BTN:8
[2025-11-24 16:55:15] [DEBUG] Executando aﾃｧﾃ｣o: open_program
[2025-11-24 16:56:05] [DEBUG] 沒ｨ Recebido serial: 沁ｮ BOTﾃグ PRESSIONADO: 1
[2025-11-24 16:56:05] [DEBUG] 沒ｨ Recebido serial: BTN:1
[2025-11-24 16:56:05] [DEBUG] Executando aﾃｧﾃ｣o: open_program
[2025-11-24 16:56:06] [DEBUG] 沒ｨ Recebido serial: 沁ｮ BOTﾃグ PRESSIONADO: 1
[2025-11-24 16:56:06] [DEBUG] 沒ｨ Recebido serial: BTN:1
[2025-11-24 16:56:06] [DEBUG] Executando aﾃｧﾃ｣o: open_program
[2025-11-24 16:56:06] [DEBUG] 沒ｨ Recebido serial: 沁ｮ BOTﾃグ PRESSIONADO: 2
[2025-11-24 16:56:06] [DEBUG] 沒ｨ Recebido serial: BTN:2
[2025-11-24 16:56:06] [DEBUG] Executando aﾃｧﾃ｣o: open_program
[2025-11-24 16:56:07] [DEBUG] 沒ｨ Recebido serial: 沁ｮ BOTﾃグ PRESSIONADO: 2
[2025-11-24 16:56:07] [DEBUG] 沒ｨ Recebido serial: BTN:2
[2025-11-24 16:56:07] [DEBUG] Executando aﾃｧﾃ｣o: open_program
[2025-11-24 16:56:09] [DEBUG] 沒ｨ Recebido serial: 沁ｮ BOTﾃグ PRESSIONADO: 2
[2025-11-24 16:56:09] [DEBUG] 沒ｨ Recebido serial: BTN:2
[2025-11-24 16:56:09] [DEBUG] Executando aﾃｧﾃ｣o: open_program
[2025-11-24 16:56:09] [DEBUG] 沒ｨ Recebido serial: 沁ｮ BOTﾃグ PRESSIONADO: 2
[2025-11-24 16:56:09] [DEBUG] 沒ｨ Recebido serial: BTN:2
[2025-11-24 16:56:09] [DEBUG] Executando aﾃｧﾃ｣o: open_program
[2025-11-24 16:56:10] [DEBUG] 沒ｨ Recebido serial: 沁ｮ BOTﾃグ PRESSIONADO: 1
[2025-11-24 16:56:10] [DEBUG] 沒ｨ Recebido serial: BTN:1
[2025-11-24 16:56:10] [DEBUG] Executando aﾃｧﾃ｣o: open_program
[2025-11-24 16:56:11] [DEBUG] 沒ｨ Recebido serial: 沁ｮ BOTﾃグ PRESSIONADO: 1
[2025-11-24 16:56:11] [DEBUG] 沒ｨ Recebido serial: BTN:1
[2025-11-24 16:56:11] [DEBUG] Executando aﾃｧﾃ｣o: open_program
[2025-11-24 16:56:12] [DEBUG] 沒ｨ Recebido serial: 沁ｮ BOTﾃグ PRESSIONADO: 1
[2025-11-24 16:56:12] [DEBUG] 沒ｨ Recebido serial: BTN:1
[2025-11-24 16:56:12] [DEBUG] Executando aﾃｧﾃ｣o: open_program
[2025-11-24 16:56:13] [DEBUG] 沒ｨ Recebido serial: 沁ｮ BOTﾃグ PRESSIONADO: 2
[2025-11-24 16:56:13] [DEBUG] 沒ｨ Recebido serial: BTN:2
[2025-11-24 16:56:13] [DEBUG] Executando aﾃｧﾃ｣o: open_program
[2025-11-24 16:56:13] [DEBUG] 沒ｨ Recebido serial: 沁ｮ BOTﾃグ PRESSIONADO: 2
[2025-11-24 16:56:13] [DEBUG] 沒ｨ Recebido serial: BTN:2
[2025-11-24 16:56:13] [DEBUG] Executando aﾃｧﾃ｣o: open_program
[2025-11-24 16:56:14] [DEBUG] 沒ｨ Recebido serial: 沁ｮ BOTﾃグ PRESSIONADO: 2
[2025-11-24 16:56:14] [DEBUG] 沒ｨ Recebido serial: BTN:2
[2025-11-24 16:56:14] [DEBUG] Executando aﾃｧﾃ｣o: open_program
[2025-11-24 16:56:15] [DEBUG] 沒ｨ Recebido serial: 沁ｮ BOTﾃグ PRESSIONADO: 1
[2025-11-24 16:56:15] [DEBUG] 沒ｨ Recebido serial: BTN:1
[2025-11-24 16:56:15] [DEBUG] Executando aﾃｧﾃ｣o: open_program
[2025-11-24 16:56:24] [DEBUG] 沒ｨ Recebido serial: 沁ｮ BOTﾃグ PRESSIONADO: 8
[2025-11-24 16:56:24] [DEBUG] 沒ｨ Recebido serial: BTN:8
[2025-11-24 16:56:25] [DEBUG] Executando aﾃｧﾃ｣o: open_program
[2025-11-24 16:56:26] [DEBUG] 沒ｨ Recebido serial: 沁ｮ BOTﾃグ PRESSIONADO: 8
[2025-11-24 16:56:26] [DEBUG] 沒ｨ Recebido serial: BTN:8
[2025-11-24 16:56:26] [DEBUG] Executando aﾃｧﾃ｣o: open_program
[2025-11-24 16:56:27] [DEBUG] 沒ｨ Recebido serial: 沁ｮ BOTﾃグ PRESSIONADO: 2
[2025-11-24 16:56:27] [DEBUG] 沒ｨ Recebido serial: BTN:2
[2025-11-24 16:56:27] [DEBUG] Executando aﾃｧﾃ｣o: open_program
[2025-11-24 16:56:28] [DEBUG] 沒ｨ Recebido serial: 沁ｮ BOTﾃグ PRESSIONADO: 1
[2025-11-24 16:56:28] [DEBUG] 沒ｨ Recebido serial: BTN:1
[2025-11-24 16:56:28] [DEBUG] Executando aﾃｧﾃ｣o: open_program
[2025-11-24 16:56:29] [DEBUG] 沒ｨ Recebido serial: 沁ｮ BOTﾃグ PRESSIONADO: 1
[2025-11-24 16:56:29] [DEBUG] 沒ｨ Recebido serial: BTN:1
[2025-11-24 16:56:29] [DEBUG] Executando aﾃｧﾃ｣o: open_program
[2025-11-24 16:56:30] [DEBUG] 沒ｨ Recebido serial: 沁ｮ BOTﾃグ PRESSIONADO: 1
[2025-11-24 16:56:30] [DEBUG] 沒ｨ Recebido serial: BTN:1
[2025-11-24 16:56:30] [DEBUG] Executando aﾃｧﾃ｣o: open_program
[2025-11-24 16:56:31] [DEBUG] 沒ｨ Recebido serial: 沁ｮ BOTﾃグ PRESSIONADO: 2
[2025-11-24 16:56:31] [DEBUG] 沒ｨ Recebido serial: BTN:2
[2025-11-24 16:56:31] [DEBUG] Executando aﾃｧﾃ｣o: open_program
[2025-11-24 16:56:31] [DEBUG] 沒ｨ Recebido serial: 沁ｮ BOTﾃグ PRESSIONADO: 8
[2025-11-24 16:56:31] [DEBUG] 沒ｨ Recebido serial: BTN:8
[2025-11-24 16:56:31] [DEBUG] Executando aﾃｧﾃ｣o: open_program
[2025-11-24 16:58:12] [INFO] 泅ｪ Fechando aplicaﾃｧﾃ｣o...
[2025-11-24 16:58:12] [DEBUG] 沒ｨ Recebido serial: 沒ｨ Comando recebido: DISCONNECT
[2025-11-24 16:58:13] [INFO] 沐 Porta serial fechada
[2025-11-24 16:58:13] [INFO] 泅ｪ Fechando aplicaﾃｧﾃ｣o...

--- Starting session Mon Nov 24 22:28:48 2025 ---
[2025-11-24 22:28:59] [ERROR] Falha na atualizaﾃｧﾃ｣o: Muitas tentativas (429). Aguarde alguns minutos.
[2025-11-24 22:29:08] [ERROR] Falha na atualizaﾃｧﾃ｣o: Muitas tentativas (429). Aguarde alguns minutos.
[2025-11-24 22:29:29] [INFO] 泅ｪ Fechando aplicaﾃｧﾃ｣o...
[2025-11-24 22:29:29] [INFO] 泅ｪ Fechando aplicaﾃｧﾃ｣o...

--- Starting session Tue Nov 25 20:39:51 2025 ---
[2025-11-25 20:40:39] [DEBUG] 沒ｨ Recebido serial: 沒ｨ Comando recebido: CONNECTED
[2025-11-25 20:40:39] [DEBUG] 沒ｨ Recebido serial: 沁 STATUS: Conectado ao software Python
[2025-11-25 20:40:39] [DEBUG] 沒ｨ Recebido serial: 笨 Conexﾃ｣o estabelecida com software
[2025-11-25 20:40:41] [DEBUG] 沒ｨ Recebido serial: 沁ｮ BOTﾃグ PRESSIONADO: 3
[2025-11-25 20:40:41] [DEBUG] 沒ｨ Recebido serial: BTN:3
[2025-11-25 20:40:41] [DEBUG] Executando aﾃｧﾃ｣o: open_program
[2025-11-25 20:46:13] [DEBUG] 沒ｨ Recebido serial: 沁ｮ BOTﾃグ PRESSIONADO: 1
[2025-11-25 20:46:13] [DEBUG] 沒ｨ Recebido serial: BTN:1
[2025-11-25 20:46:13] [DEBUG] Executando aﾃｧﾃ｣o: open_program
[2025-11-25 20:46:30] [DEBUG] 沒ｨ Recebido serial: 沁ｮ BOTﾃグ PRESSIONADO: 1
[2025-11-25 20:46:30] [DEBUG] 沒ｨ Recebido serial: BTN:1
[2025-11-25 20:46:30] [DEBUG] Executando aﾃｧﾃ｣o: open_program
[2025-11-25 20:46:51] [DEBUG] 沒ｨ Recebido serial: 沁ｮ BOTﾃグ PRESSIONADO: 1
[2025-11-25 20:46:51] [DEBUG] 沒ｨ Recebido serial: BTN:1
[2025-11-25 20:46:51] [DEBUG] Executando aﾃｧﾃ｣o: open_program
[2025-11-25 20:46:57] [DEBUG] 沒ｨ Recebido serial: 沁ｮ BOTﾃグ PRESSIONADO: 1
[2025-11-25 20:46:57] [DEBUG] 沒ｨ Recebido serial: BTN:1
[2025-11-25 20:46:57] [DEBUG] Executando aﾃｧﾃ｣o: open_program
[2025-11-25 20:53:10] [DEBUG] 沒ｨ Recebido serial: 沁ｮ BOTﾃグ PRESSIONADO: 1
[2025-11-25 20:53:10] [DEBUG] 沒ｨ Recebido serial: BTN:1
[2025-11-25 20:53:10] [DEBUG] Executando aﾃｧﾃ｣o: open_program
[2025-11-25 21:03:44] [DEBUG] 沒ｨ Recebido serial: 沁ｮ BOTﾃグ PRESSIONADO: 1
[2025-11-25 21:03:44] [DEBUG] 沒ｨ Recebido serial: BTN:1
[2025-11-25 21:03:44] [DEBUG] Executando aﾃｧﾃ｣o: open_program
[2025-11-25 22:25:29] [INFO] 泅ｪ Fechando aplicaﾃｧﾃ｣o...
[2025-11-25 22:25:29] [DEBUG] 沒ｨ Recebido serial: 沒ｨ Comando recebido: DISCONNECT
[2025-11-25 22:25:29] [INFO] 沐 Porta serial fechada
[2025-11-25 22:25:29] [INFO] 泅ｪ Fechando aplicaﾃｧﾃ｣o...
